Using pre-set license
Built from '2021.3/staging' branch; Version is '2021.3.8f1 (b30333d56e81) revision 11731763'; Using compiler version '192829333'; Build Type 'Release'
OS: 'Windows 10  (10.0.19045) 64bit Core' Language: 'ko' Physical Memory: 8067 MB
BatchMode: 1, IsHumanControllingUs: 0, StartBugReporterOnCrash: 0, Is64bit: 1, IsPro: 1

COMMAND LINE ARGUMENTS:
C:\Program Files\Unity\Hub\Editor\2021.3.8f1\Editor\Unity.exe
-adb2
-batchMode
-noUpm
-name
AssetImportWorker12
-projectPath
D:/hub/Unity/SilmeSurvival/SlimeSurvival2D/SlimeSurvival2D
-logFile
Logs/AssetImportWorker12.log
-srvPort
51091
Successfully changed project path to: D:/hub/Unity/SilmeSurvival/SlimeSurvival2D/SlimeSurvival2D
D:/hub/Unity/SilmeSurvival/SlimeSurvival2D/SlimeSurvival2D
[UnityMemory] Configuration Parameters - Can be set up in boot.config
    "memorysetup-bucket-allocator-granularity=16"
    "memorysetup-bucket-allocator-bucket-count=8"
    "memorysetup-bucket-allocator-block-size=33554432"
    "memorysetup-bucket-allocator-block-count=8"
    "memorysetup-main-allocator-block-size=16777216"
    "memorysetup-thread-allocator-block-size=16777216"
    "memorysetup-gfx-main-allocator-block-size=16777216"
    "memorysetup-gfx-thread-allocator-block-size=16777216"
    "memorysetup-cache-allocator-block-size=4194304"
    "memorysetup-typetree-allocator-block-size=2097152"
    "memorysetup-profiler-bucket-allocator-granularity=16"
    "memorysetup-profiler-bucket-allocator-bucket-count=8"
    "memorysetup-profiler-bucket-allocator-block-size=33554432"
    "memorysetup-profiler-bucket-allocator-block-count=8"
    "memorysetup-profiler-allocator-block-size=16777216"
    "memorysetup-profiler-editor-allocator-block-size=1048576"
    "memorysetup-temp-allocator-size-main=16777216"
    "memorysetup-job-temp-allocator-block-size=2097152"
    "memorysetup-job-temp-allocator-block-size-background=1048576"
    "memorysetup-job-temp-allocator-reduction-small-platforms=262144"
    "memorysetup-temp-allocator-size-background-worker=32768"
    "memorysetup-temp-allocator-size-job-worker=262144"
    "memorysetup-temp-allocator-size-preload-manager=33554432"
    "memorysetup-temp-allocator-size-nav-mesh-worker=65536"
    "memorysetup-temp-allocator-size-audio-worker=65536"
    "memorysetup-temp-allocator-size-cloud-worker=32768"
    "memorysetup-temp-allocator-size-gi-baking-worker=262144"
    "memorysetup-temp-allocator-size-gfx=262144"
Refreshing native plugins compatible for Editor in 539.99 ms, found 4 plugins.
Preloading 0 native plugins for Editor in 0.00 ms.
Initialize engine version: 2021.3.8f1 (b30333d56e81)
[Subsystems] Discovering subsystems at path C:/Program Files/Unity/Hub/Editor/2021.3.8f1/Editor/Data/Resources/UnitySubsystems
[Subsystems] Discovering subsystems at path D:/hub/Unity/SilmeSurvival/SlimeSurvival2D/SlimeSurvival2D/Assets
GfxDevice: creating device client; threaded=0; jobified=0
Renderer: GeForce GTX 1050 Ti/PCIe/SSE2
Vendor:   NVIDIA Corporation
Version:  OpenGL ES 3.2 NVIDIA 436.48
GLES:     3
 GL_EXT_base_instance GL_EXT_blend_func_extended GL_EXT_blend_minmax GL_EXT_buffer_storage GL_EXT_clear_texture GL_EXT_clip_control GL_EXT_clip_cull_distance GL_EXT_color_buffer_float GL_EXT_color_buffer_half_float GL_EXT_conservative_depth GL_EXT_copy_image GL_EXT_depth_clamp GL_EXT_debug_label GL_EXT_discard_framebuffer GL_EXT_disjoint_timer_query GL_EXT_draw_buffers_indexed GL_EXT_draw_elements_base_vertex GL_EXT_EGL_image_external_wrap_modes GL_EXT_float_blend GL_EXT_frag_depth GL_EXT_geometry_point_size GL_EXT_geometry_shader GL_EXT_gpu_shader5 GL_EXT_map_buffer_range GL_EXT_multi_draw_indirect GL_EXT_multisample_compatibility GL_EXT_multiview_texture_multisample GL_EXT_multiview_timer_query GL_EXT_occlusion_query_boolean GL_EXT_polygon_offset_clamp GL_EXT_post_depth_coverage GL_EXT_primitive_bounding_box GL_EXT_raster_multisample GL_EXT_render_snorm GL_EXT_robustness GL_EXT_separate_shader_objects GL_EXT_shader_group_vote GL_EXT_shader_implicit_conversions GL_EXT_shader_integer_mix GL_EXT_shader_io_blo
cks GL_EXT_shader_non_constant_global_initializers GL_EXT_shader_texture_lod GL_EXT_shadow_samplers GL_EXT_sparse_texture GL_EXT_sparse_texture2 GL_EXT_sRGB GL_EXT_sRGB_write_control GL_EXT_tessellation_point_size GL_EXT_tessellation_shader GL_EXT_texture_border_clamp GL_EXT_texture_buffer GL_EXT_texture_compression_bptc GL_EXT_texture_compression_dxt1 GL_EXT_texture_compression_rgtc GL_EXT_texture_compression_s3tc GL_EXT_texture_cube_map_array GL_EXT_texture_filter_anisotropic GL_EXT_texture_filter_minmax GL_EXT_texture_format_BGRA8888 GL_EXT_texture_mirror_clamp_to_edge GL_EXT_texture_norm16 GL_EXT_texture_rg GL_EXT_texture_sRGB_R8 GL_EXT_texture_sRGB_decode GL_EXT_texture_storage GL_EXT_texture_view GL_EXT_draw_transform_feedback GL_EXT_unpack_subimage GL_EXT_window_rectangles GL_KHR_context_flush_control GL_KHR_debug GL_EXT_memory_object GL_EXT_memory_object_win32 GL_EXT_win32_keyed_mutex GL_KHR_parallel_shader_compile GL_KHR_no_error GL_KHR_robust_buffer_access_behavior GL_KHR_robustness GL_EXT_semaphor
e GL_EXT_semaphore_win32 GL_KHR_shader_subgroup GL_NV_bgr GL_NV_bindless_texture GL_NV_blend_equation_advanced GL_NV_blend_equation_advanced_coherent GL_NVX_blend_equation_advanced_multi_draw_buffers GL_NV_blend_minmax_factor GL_NV_clip_space_w_scaling GL_NV_conditional_render GL_NV_conservative_raster GL_NV_conservative_raster_pre_snap_triangles GL_NV_copy_buffer GL_NV_copy_image GL_NV_draw_buffers GL_NV_draw_instanced GL_NV_draw_texture GL_NV_draw_vulkan_image GL_NV_explicit_attrib_location GL_NV_fbo_color_attachments GL_NV_fill_rectangle GL_NV_fragment_coverage_to_color GL_NV_fragment_shader_interlock GL_NV_framebuffer_blit GL_NV_framebuffer_mixed_samples GL_NV_framebuffer_multisample GL_NV_generate_mipmap_sRGB GL_NV_geometry_shader_passthrough GL_NV_instanced_arrays GL_NV_internalformat_sample_query GL_NV_gpu_shader5 GL_NV_image_formats GL_NV_memory_attachment GL_NV_occlusion_query_samples GL_NV_non_square_matrices GL_NV_pack_subimage GL_NV_packed_float GL_NV_packed_float_linear GL_NV_path_rendering GL_N
V_path_rendering_shared_edge GL_NV_pixel_buffer_object GL_NV_polygon_mode GL_NV_read_buffer GL_NV_read_depth GL_NV_read_depth_stencil GL_NV_read_stencil GL_NV_sample_locations GL_NV_sample_mask_override_coverage GL_NV_shader_atomic_fp16_vector GL_NV_shader_noperspective_interpolation GL_NV_shader_subgroup_partitioned GL_NV_shadow_samplers_array GL_NV_shadow_samplers_cube GL_NV_sRGB_formats GL_NV_stereo_view_rendering GL_NV_texture_array GL_NV_texture_barrier GL_NV_texture_border_clamp GL_NV_texture_compression_latc GL_NV_texture_compression_s3tc GL_NV_texture_compression_s3tc_update GL_NV_timer_query GL_NV_viewport_array GL_NV_viewport_array2 GL_NV_viewport_swizzle GL_KHR_blend_equation_advanced GL_KHR_blend_equation_advanced_coherent GL_OES_compressed_ETC1_RGB8_texture GL_EXT_compressed_ETC1_RGB8_sub_texture GL_OES_depth24 GL_OES_depth32 GL_OES_depth_texture GL_OES_depth_texture_cube_map GL_OES_copy_image GL_OES_draw_buffers_indexed GL_OES_draw_elements_base_vertex GL_OES_texture_border_clamp GL_OES_tessell
ation_point_size GL_OES_tessellation_shader GL_OES_texture_buffer GL_OES_geometry_point_size GL_OES_geometry_shader GL_OES_gpu_shader5 GL_OES_shader_io_blocks GL_OES_texture_view GL_OES_primitive_bounding_box GL_OES_element_index_uint GL_OES_fbo_render_mipmap GL_OES_get_program_binary GL_OES_mapbuffer GL_OES_packed_depth_stencil GL_OES_rgb8_rgba8 GL_OES_sample_shading GL_OES_sample_variables GL_OES_shader_image_atomic GL_OES_shader_multisample_interpolation GL_OES_standard_derivatives GL_OES_texture_cube_map_array GL_OES_texture_npot GL_OES_texture_float GL_OES_texture_float_linear GL_OES_texture_half_float GL_OES_texture_half_float_linear GL_OES_texture_stencil8 GL_OES_texture_storage_multisample_2d_array GL_OES_vertex_array_object GL_OES_vertex_half_float GL_OES_viewport_array GL_OVR_multiview GL_OVR_multiview2 GL_ANDROID_extension_pack_es31a
OPENGL LOG: Creating OpenGL ES 3.2 graphics device ; Context level  <OpenGL ES 3.2> ; Context handle 65537
Initialize mono
Mono path[0] = 'C:/Program Files/Unity/Hub/Editor/2021.3.8f1/Editor/Data/Managed'
Mono path[1] = 'C:/Program Files/Unity/Hub/Editor/2021.3.8f1/Editor/Data/MonoBleedingEdge/lib/mono/unityjit-win32'
Mono config path = 'C:/Program Files/Unity/Hub/Editor/2021.3.8f1/Editor/Data/MonoBleedingEdge/etc'
Using monoOptions --debugger-agent=transport=dt_socket,embedding=1,server=y,suspend=n,address=127.0.0.1:56500
Begin MonoManager ReloadAssembly
Registering precompiled unity dll's ...
Register platform support module: C:/Program Files/Unity/Hub/Editor/2021.3.8f1/Editor/Data/PlaybackEngines/AndroidPlayer/UnityEditor.Android.Extensions.dll
Register platform support module: C:/Program Files/Unity/Hub/Editor/2021.3.8f1/Editor/Data/PlaybackEngines/WindowsStandaloneSupport/UnityEditor.WindowsStandalone.Extensions.dll
Registered in 0.031661 seconds.
Native extension for WindowsStandalone target not found
Native extension for Android target not found
Refreshing native plugins compatible for Editor in 186.06 ms, found 4 plugins.
Preloading 0 native plugins for Editor in 0.00 ms.
Mono: successfully reloaded assembly
- Completed reload, in  1.286 seconds
Domain Reload Profiling:
	ReloadAssembly (1288ms)
		BeginReloadAssembly (167ms)
			ExecutionOrderSort (0ms)
			DisableScriptedObjects (0ms)
			BackupInstance (0ms)
			ReleaseScriptingObjects (0ms)
			CreateAndSetChildDomain (1ms)
		EndReloadAssembly (888ms)
			LoadAssemblies (162ms)
			RebuildTransferFunctionScriptingTraits (0ms)
			SetupTypeCache (166ms)
			ReleaseScriptCaches (0ms)
			RebuildScriptCaches (48ms)
			SetupLoadedEditorAssemblies (565ms)
				LogAssemblyErrors (0ms)
				InitializePlatformSupportModulesInManaged (107ms)
				SetLoadedEditorAssemblies (0ms)
				RefreshPlugins (186ms)
				BeforeProcessingInitializeOnLoad (1ms)
				ProcessInitializeOnLoadAttributes (146ms)
				ProcessInitializeOnLoadMethodAttributes (124ms)
				AfterProcessingInitializeOnLoad (0ms)
				EditorAssembliesLoaded (0ms)
			ExecutionOrderSort2 (0ms)
			AwakeInstancesAfterBackupRestoration (0ms)
Platform modules already initialized, skipping
Registering precompiled user dll's ...
Registered in 0.018350 seconds.
Android Extension - Scanning For ADB Devices 6605 ms
Begin MonoManager ReloadAssembly
Symbol file LoadedFromMemory doesn't match image D:\hub\Unity\SilmeSurvival\SlimeSurvival2D\SlimeSurvival2D\Library\PackageCache\com.unity.visualscripting@1.7.8\Editor\VisualScripting.Core\Dependencies\YamlDotNet\Unity.VisualScripting.YamlDotNet.dll
Symbol file LoadedFromMemory doesn't match image D:\hub\Unity\SilmeSurvival\SlimeSurvival2D\SlimeSurvival2D\Library\PackageCache\com.unity.visualscripting@1.7.8\Editor\VisualScripting.Core\Dependencies\DotNetZip\Unity.VisualScripting.IonicZip.dll
Native extension for WindowsStandalone target not found
Native extension for Android target not found
Refreshing native plugins compatible for Editor in 143.99 ms, found 4 plugins.
Preloading 0 native plugins for Editor in 0.00 ms.
Mono: successfully reloaded assembly
- Completed reload, in  2.477 seconds
Domain Reload Profiling:
	ReloadAssembly (2478ms)
		BeginReloadAssembly (245ms)
			ExecutionOrderSort (0ms)
			DisableScriptedObjects (8ms)
			BackupInstance (0ms)
			ReleaseScriptingObjects (0ms)
			CreateAndSetChildDomain (26ms)
		EndReloadAssembly (2027ms)
			LoadAssemblies (255ms)
			RebuildTransferFunctionScriptingTraits (0ms)
			SetupTypeCache (497ms)
			ReleaseScriptCaches (2ms)
			RebuildScriptCaches (141ms)
			SetupLoadedEditorAssemblies (1122ms)
				LogAssemblyErrors (0ms)
				InitializePlatformSupportModulesInManaged (29ms)
				SetLoadedEditorAssemblies (0ms)
				RefreshPlugins (144ms)
				BeforeProcessingInitializeOnLoad (186ms)
				ProcessInitializeOnLoadAttributes (564ms)
				ProcessInitializeOnLoadMethodAttributes (170ms)
				AfterProcessingInitializeOnLoad (29ms)
				EditorAssembliesLoaded (0ms)
			ExecutionOrderSort2 (0ms)
			AwakeInstancesAfterBackupRestoration (21ms)
Platform modules already initialized, skipping
========================================================================
Worker process is ready to serve import requests
Launched and connected shader compiler UnityShaderCompiler.exe after 0.13 seconds
Refreshing native plugins compatible for Editor in 1.10 ms, found 4 plugins.
Preloading 0 native plugins for Editor in 0.00 ms.
Unloading 5551 Unused Serialized files (Serialized files now loaded: 0)
Unloading 59 unused Assets / (1.3 MB). Loaded Objects now: 5994.
Memory consumption went from 218.5 MB to 217.2 MB.
Total: 17.009500 ms (FindLiveObjects: 0.681200 ms CreateObjectMapping: 0.713200 ms MarkObjects: 7.286500 ms  DeleteObjects: 8.319500 ms)

AssetImportParameters requested are different than current active one (requested -> active):
  custom:video-decoder-ogg-theora: a1e56fd34408186e4bbccfd4996cb3dc -> 
  custom:container-muxer-webm: aa71ff27fc2769a1b78a27578f13a17b -> 
  custom:container-demuxer-webm: 4f35f7cbe854078d1ac9338744f61a02 -> 
  custom:video-encoder-webm-vp8: eb34c28f22e8b96e1ab97ce403110664 -> 
  custom:audio-encoder-webm-vorbis: bf7c407c2cedff20999df2af8eb42d56 -> 
  custom:framework-win-MediaFoundation: 216162199b28c13a410421893ffa2e32 -> 
  custom:container-demuxer-ogg: 62fdf1f143b41e24485cea50d1cbac27 -> 
  custom:video-decoder-webm-vp8: 9c59270c3fd7afecdb556c50c9e8de78 -> 
  custom:audio-decoder-ogg-vorbis: bf7c407c2cedff20999df2af8eb42d56 -> 
========================================================================
Received Import Request.
  Time since last request: 1001155.963148 seconds.
  path: Assets/Script/Enemy/Spawner_Monsters.cs
  artifactKey: Guid(5b9492651fd0bc54d9f10087b963ca0d) Importer(815301076,1909f56bfc062723c751e8b465ee728b)
Start importing Assets/Script/Enemy/Spawner_Monsters.cs using Guid(5b9492651fd0bc54d9f10087b963ca0d) Importer(815301076,1909f56bfc062723c751e8b465ee728b)  -> (artifact id: 'd78c8b6033f8ef68224cf76278c48e2a') in 0.266712 seconds 
========================================================================
Received Prepare
Registering precompiled user dll's ...
Registered in 0.011114 seconds.
Begin MonoManager ReloadAssembly
Symbol file LoadedFromMemory doesn't match image D:\hub\Unity\SilmeSurvival\SlimeSurvival2D\SlimeSurvival2D\Library\PackageCache\com.unity.visualscripting@1.7.8\Editor\VisualScripting.Core\Dependencies\YamlDotNet\Unity.VisualScripting.YamlDotNet.dll
Symbol file LoadedFromMemory doesn't match image D:\hub\Unity\SilmeSurvival\SlimeSurvival2D\SlimeSurvival2D\Library\PackageCache\com.unity.visualscripting@1.7.8\Editor\VisualScripting.Core\Dependencies\DotNetZip\Unity.VisualScripting.IonicZip.dll
Native extension for WindowsStandalone target not found
Native extension for Android target not found
Refreshing native plugins compatible for Editor in 1.72 ms, found 4 plugins.
Preloading 0 native plugins for Editor in 0.00 ms.
Mono: successfully reloaded assembly
- Completed reload, in  1.922 seconds
Domain Reload Profiling:
	ReloadAssembly (1923ms)
		BeginReloadAssembly (260ms)
			ExecutionOrderSort (0ms)
			DisableScriptedObjects (10ms)
			BackupInstance (0ms)
			ReleaseScriptingObjects (0ms)
			CreateAndSetChildDomain (60ms)
		EndReloadAssembly (1516ms)
			LoadAssemblies (225ms)
			RebuildTransferFunctionScriptingTraits (0ms)
			SetupTypeCache (436ms)
			ReleaseScriptCaches (4ms)
			RebuildScriptCaches (87ms)
			SetupLoadedEditorAssemblies (688ms)
				LogAssemblyErrors (0ms)
				InitializePlatformSupportModulesInManaged (36ms)
				SetLoadedEditorAssemblies (1ms)
				RefreshPlugins (2ms)
				BeforeProcessingInitializeOnLoad (131ms)
				ProcessInitializeOnLoadAttributes (354ms)
				ProcessInitializeOnLoadMethodAttributes (140ms)
				AfterProcessingInitializeOnLoad (24ms)
				EditorAssembliesLoaded (0ms)
			ExecutionOrderSort2 (0ms)
			AwakeInstancesAfterBackupRestoration (38ms)
Platform modules already initialized, skipping
Refreshing native plugins compatible for Editor in 6.11 ms, found 4 plugins.
Preloading 0 native plugins for Editor in 0.00 ms.
Unloading 5436 Unused Serialized files (Serialized files now loaded: 0)
Unloading 46 unused Assets / (1.3 MB). Loaded Objects now: 5997.
Memory consumption went from 211.4 MB to 210.1 MB.
Total: 7.489400 ms (FindLiveObjects: 0.616300 ms CreateObjectMapping: 0.527800 ms MarkObjects: 5.618900 ms  DeleteObjects: 0.724800 ms)

AssetImportParameters requested are different than current active one (requested -> active):
  custom:video-decoder-ogg-theora: a1e56fd34408186e4bbccfd4996cb3dc -> 
  custom:container-muxer-webm: aa71ff27fc2769a1b78a27578f13a17b -> 
  custom:container-demuxer-webm: 4f35f7cbe854078d1ac9338744f61a02 -> 
  custom:video-encoder-webm-vp8: eb34c28f22e8b96e1ab97ce403110664 -> 
  custom:audio-encoder-webm-vorbis: bf7c407c2cedff20999df2af8eb42d56 -> 
  custom:framework-win-MediaFoundation: 216162199b28c13a410421893ffa2e32 -> 
  custom:container-demuxer-ogg: 62fdf1f143b41e24485cea50d1cbac27 -> 
  custom:video-decoder-webm-vp8: 9c59270c3fd7afecdb556c50c9e8de78 -> 
  custom:audio-decoder-ogg-vorbis: bf7c407c2cedff20999df2af8eb42d56 -> 
========================================================================
Received Import Request.
  Time since last request: 360.229945 seconds.
  path: Assets/Script/Enemy/Spawner_Monsters.cs
  artifactKey: Guid(5b9492651fd0bc54d9f10087b963ca0d) Importer(815301076,1909f56bfc062723c751e8b465ee728b)
Start importing Assets/Script/Enemy/Spawner_Monsters.cs using Guid(5b9492651fd0bc54d9f10087b963ca0d) Importer(815301076,1909f56bfc062723c751e8b465ee728b)  -> (artifact id: 'ed2fed81058883e77a448fb7d034bf6c') in 0.011946 seconds 
========================================================================
Received Import Request.
  Time since last request: 17.845200 seconds.
  path: Assets/Script/Enemy/Pooling_Monsters.cs
  artifactKey: Guid(71eb138df121d394991b15f6a6f1eb73) Importer(815301076,1909f56bfc062723c751e8b465ee728b)
Start importing Assets/Script/Enemy/Pooling_Monsters.cs using Guid(71eb138df121d394991b15f6a6f1eb73) Importer(815301076,1909f56bfc062723c751e8b465ee728b)  -> (artifact id: 'e79386743dff04672ac879331ec85d80') in 0.011109 seconds 
========================================================================
Received Import Request.
  Time since last request: 30.541147 seconds.
  path: Assets/Script/Pooling_Skills.cs
  artifactKey: Guid(b6052314ea4766b4382e85e07ccef27c) Importer(815301076,1909f56bfc062723c751e8b465ee728b)
Start importing Assets/Script/Pooling_Skills.cs using Guid(b6052314ea4766b4382e85e07ccef27c) Importer(815301076,1909f56bfc062723c751e8b465ee728b)  -> (artifact id: '260d52fdad55f868f4b1a194fa4c057b') in 0.010604 seconds 
========================================================================
Received Prepare
Registering precompiled user dll's ...
Registered in 0.013377 seconds.
Begin MonoManager ReloadAssembly
Symbol file LoadedFromMemory doesn't match image D:\hub\Unity\SilmeSurvival\SlimeSurvival2D\SlimeSurvival2D\Library\PackageCache\com.unity.visualscripting@1.7.8\Editor\VisualScripting.Core\Dependencies\YamlDotNet\Unity.VisualScripting.YamlDotNet.dll
Symbol file LoadedFromMemory doesn't match image D:\hub\Unity\SilmeSurvival\SlimeSurvival2D\SlimeSurvival2D\Library\PackageCache\com.unity.visualscripting@1.7.8\Editor\VisualScripting.Core\Dependencies\DotNetZip\Unity.VisualScripting.IonicZip.dll
Native extension for WindowsStandalone target not found
Native extension for Android target not found
Refreshing native plugins compatible for Editor in 1.40 ms, found 4 plugins.
Preloading 0 native plugins for Editor in 0.00 ms.
Mono: successfully reloaded assembly
- Completed reload, in  3.623 seconds
Domain Reload Profiling:
	ReloadAssembly (3624ms)
		BeginReloadAssembly (289ms)
			ExecutionOrderSort (0ms)
			DisableScriptedObjects (26ms)
			BackupInstance (0ms)
			ReleaseScriptingObjects (2ms)
			CreateAndSetChildDomain (70ms)
		EndReloadAssembly (3162ms)
			LoadAssemblies (1945ms)
			RebuildTransferFunctionScriptingTraits (0ms)
			SetupTypeCache (418ms)
			ReleaseScriptCaches (3ms)
			RebuildScriptCaches (75ms)
			SetupLoadedEditorAssemblies (634ms)
				LogAssemblyErrors (0ms)
				InitializePlatformSupportModulesInManaged (35ms)
				SetLoadedEditorAssemblies (1ms)
				RefreshPlugins (2ms)
				BeforeProcessingInitializeOnLoad (140ms)
				ProcessInitializeOnLoadAttributes (313ms)
				ProcessInitializeOnLoadMethodAttributes (118ms)
				AfterProcessingInitializeOnLoad (25ms)
				EditorAssembliesLoaded (1ms)
			ExecutionOrderSort2 (0ms)
			AwakeInstancesAfterBackupRestoration (34ms)
Platform modules already initialized, skipping
Script is not up to date after domain reload: guid(b4a9e370cadaf054aac8172862d2eeae) path("Assets/Script/Pooling_Exp.cs") state(2)
Refreshing native plugins compatible for Editor in 3.30 ms, found 4 plugins.
Preloading 0 native plugins for Editor in 0.00 ms.
Unloading 5437 Unused Serialized files (Serialized files now loaded: 0)
Unloading 46 unused Assets / (1.3 MB). Loaded Objects now: 6001.
Memory consumption went from 211.4 MB to 210.1 MB.
Total: 7.122700 ms (FindLiveObjects: 0.644400 ms CreateObjectMapping: 0.578700 ms MarkObjects: 5.255600 ms  DeleteObjects: 0.642800 ms)

AssetImportParameters requested are different than current active one (requested -> active):
  custom:video-decoder-ogg-theora: a1e56fd34408186e4bbccfd4996cb3dc -> 
  custom:container-muxer-webm: aa71ff27fc2769a1b78a27578f13a17b -> 
  custom:container-demuxer-webm: 4f35f7cbe854078d1ac9338744f61a02 -> 
  custom:video-encoder-webm-vp8: eb34c28f22e8b96e1ab97ce403110664 -> 
  custom:audio-encoder-webm-vorbis: bf7c407c2cedff20999df2af8eb42d56 -> 
  custom:framework-win-MediaFoundation: 216162199b28c13a410421893ffa2e32 -> 
  custom:container-demuxer-ogg: 62fdf1f143b41e24485cea50d1cbac27 -> 
  custom:video-decoder-webm-vp8: 9c59270c3fd7afecdb556c50c9e8de78 -> 
  custom:audio-decoder-ogg-vorbis: bf7c407c2cedff20999df2af8eb42d56 -> 
========================================================================
Received Prepare
Registering precompiled user dll's ...
Registered in 0.012465 seconds.
Begin MonoManager ReloadAssembly
Symbol file LoadedFromMemory doesn't match image D:\hub\Unity\SilmeSurvival\SlimeSurvival2D\SlimeSurvival2D\Library\PackageCache\com.unity.visualscripting@1.7.8\Editor\VisualScripting.Core\Dependencies\YamlDotNet\Unity.VisualScripting.YamlDotNet.dll
Symbol file LoadedFromMemory doesn't match image D:\hub\Unity\SilmeSurvival\SlimeSurvival2D\SlimeSurvival2D\Library\PackageCache\com.unity.visualscripting@1.7.8\Editor\VisualScripting.Core\Dependencies\DotNetZip\Unity.VisualScripting.IonicZip.dll
Native extension for WindowsStandalone target not found
Native extension for Android target not found
Refreshing native plugins compatible for Editor in 1.56 ms, found 4 plugins.
Preloading 0 native plugins for Editor in 0.00 ms.
Mono: successfully reloaded assembly
- Completed reload, in  2.163 seconds
Domain Reload Profiling:
	ReloadAssembly (2164ms)
		BeginReloadAssembly (337ms)
			ExecutionOrderSort (0ms)
			DisableScriptedObjects (9ms)
			BackupInstance (0ms)
			ReleaseScriptingObjects (0ms)
			CreateAndSetChildDomain (67ms)
		EndReloadAssembly (1628ms)
			LoadAssemblies (329ms)
			RebuildTransferFunctionScriptingTraits (0ms)
			SetupTypeCache (423ms)
			ReleaseScriptCaches (4ms)
			RebuildScriptCaches (71ms)
			SetupLoadedEditorAssemblies (804ms)
				LogAssemblyErrors (0ms)
				InitializePlatformSupportModulesInManaged (34ms)
				SetLoadedEditorAssemblies (1ms)
				RefreshPlugins (2ms)
				BeforeProcessingInitializeOnLoad (136ms)
				ProcessInitializeOnLoadAttributes (379ms)
				ProcessInitializeOnLoadMethodAttributes (218ms)
				AfterProcessingInitializeOnLoad (33ms)
				EditorAssembliesLoaded (0ms)
			ExecutionOrderSort2 (0ms)
			AwakeInstancesAfterBackupRestoration (45ms)
Platform modules already initialized, skipping
Refreshing native plugins compatible for Editor in 58.44 ms, found 4 plugins.
Preloading 0 native plugins for Editor in 0.00 ms.
Unloading 5438 Unused Serialized files (Serialized files now loaded: 0)
Unloading 46 unused Assets / (1.3 MB). Loaded Objects now: 6005.
Memory consumption went from 211.5 MB to 210.1 MB.
Total: 7.027700 ms (FindLiveObjects: 0.813300 ms CreateObjectMapping: 0.573400 ms MarkObjects: 4.746700 ms  DeleteObjects: 0.892900 ms)

AssetImportParameters requested are different than current active one (requested -> active):
  custom:video-decoder-ogg-theora: a1e56fd34408186e4bbccfd4996cb3dc -> 
  custom:container-muxer-webm: aa71ff27fc2769a1b78a27578f13a17b -> 
  custom:container-demuxer-webm: 4f35f7cbe854078d1ac9338744f61a02 -> 
  custom:video-encoder-webm-vp8: eb34c28f22e8b96e1ab97ce403110664 -> 
  custom:audio-encoder-webm-vorbis: bf7c407c2cedff20999df2af8eb42d56 -> 
  custom:framework-win-MediaFoundation: 216162199b28c13a410421893ffa2e32 -> 
  custom:container-demuxer-ogg: 62fdf1f143b41e24485cea50d1cbac27 -> 
  custom:video-decoder-webm-vp8: 9c59270c3fd7afecdb556c50c9e8de78 -> 
  custom:audio-decoder-ogg-vorbis: bf7c407c2cedff20999df2af8eb42d56 -> 
========================================================================
Received Import Request.
  Time since last request: 66.700725 seconds.
  path: Assets/Script/Pooling_Exp.cs
  artifactKey: Guid(b4a9e370cadaf054aac8172862d2eeae) Importer(815301076,1909f56bfc062723c751e8b465ee728b)
Start importing Assets/Script/Pooling_Exp.cs using Guid(b4a9e370cadaf054aac8172862d2eeae) Importer(815301076,1909f56bfc062723c751e8b465ee728b)  -> (artifact id: 'c41dc9ed2b42db12064b213169141450') in 0.049105 seconds 
========================================================================
Received Prepare
Registering precompiled user dll's ...
Registered in 0.013493 seconds.
Begin MonoManager ReloadAssembly
Symbol file LoadedFromMemory doesn't match image D:\hub\Unity\SilmeSurvival\SlimeSurvival2D\SlimeSurvival2D\Library\PackageCache\com.unity.visualscripting@1.7.8\Editor\VisualScripting.Core\Dependencies\YamlDotNet\Unity.VisualScripting.YamlDotNet.dll
Symbol file LoadedFromMemory doesn't match image D:\hub\Unity\SilmeSurvival\SlimeSurvival2D\SlimeSurvival2D\Library\PackageCache\com.unity.visualscripting@1.7.8\Editor\VisualScripting.Core\Dependencies\DotNetZip\Unity.VisualScripting.IonicZip.dll
Native extension for WindowsStandalone target not found
Native extension for Android target not found
Refreshing native plugins compatible for Editor in 1.32 ms, found 4 plugins.
Preloading 0 native plugins for Editor in 0.00 ms.
Mono: successfully reloaded assembly
- Completed reload, in  1.822 seconds
Domain Reload Profiling:
	ReloadAssembly (1823ms)
		BeginReloadAssembly (250ms)
			ExecutionOrderSort (0ms)
			DisableScriptedObjects (10ms)
			BackupInstance (0ms)
			ReleaseScriptingObjects (0ms)
			CreateAndSetChildDomain (55ms)
		EndReloadAssembly (1422ms)
			LoadAssemblies (219ms)
			RebuildTransferFunctionScriptingTraits (0ms)
			SetupTypeCache (375ms)
			ReleaseScriptCaches (3ms)
			RebuildScriptCaches (78ms)
			SetupLoadedEditorAssemblies (671ms)
				LogAssemblyErrors (0ms)
				InitializePlatformSupportModulesInManaged (41ms)
				SetLoadedEditorAssemblies (1ms)
				RefreshPlugins (1ms)
				BeforeProcessingInitializeOnLoad (158ms)
				ProcessInitializeOnLoadAttributes (317ms)
				ProcessInitializeOnLoadMethodAttributes (125ms)
				AfterProcessingInitializeOnLoad (27ms)
				EditorAssembliesLoaded (0ms)
			ExecutionOrderSort2 (0ms)
			AwakeInstancesAfterBackupRestoration (30ms)
Platform modules already initialized, skipping
Refreshing native plugins compatible for Editor in 55.55 ms, found 4 plugins.
Preloading 0 native plugins for Editor in 0.00 ms.
Unloading 5438 Unused Serialized files (Serialized files now loaded: 0)
Unloading 46 unused Assets / (1.3 MB). Loaded Objects now: 6008.
Memory consumption went from 211.5 MB to 210.2 MB.
Total: 8.538400 ms (FindLiveObjects: 1.121800 ms CreateObjectMapping: 0.714500 ms MarkObjects: 5.556000 ms  DeleteObjects: 1.144800 ms)

AssetImportParameters requested are different than current active one (requested -> active):
  custom:video-decoder-ogg-theora: a1e56fd34408186e4bbccfd4996cb3dc -> 
  custom:container-muxer-webm: aa71ff27fc2769a1b78a27578f13a17b -> 
  custom:container-demuxer-webm: 4f35f7cbe854078d1ac9338744f61a02 -> 
  custom:video-encoder-webm-vp8: eb34c28f22e8b96e1ab97ce403110664 -> 
  custom:audio-encoder-webm-vorbis: bf7c407c2cedff20999df2af8eb42d56 -> 
  custom:framework-win-MediaFoundation: 216162199b28c13a410421893ffa2e32 -> 
  custom:container-demuxer-ogg: 62fdf1f143b41e24485cea50d1cbac27 -> 
  custom:video-decoder-webm-vp8: 9c59270c3fd7afecdb556c50c9e8de78 -> 
  custom:audio-decoder-ogg-vorbis: bf7c407c2cedff20999df2af8eb42d56 -> 
========================================================================
Received Import Request.
  Time since last request: 206.775137 seconds.
  path: Assets/Script/Pooling_Skills.cs
  artifactKey: Guid(b6052314ea4766b4382e85e07ccef27c) Importer(815301076,1909f56bfc062723c751e8b465ee728b)
Start importing Assets/Script/Pooling_Skills.cs using Guid(b6052314ea4766b4382e85e07ccef27c) Importer(815301076,1909f56bfc062723c751e8b465ee728b)  -> (artifact id: '8a3e351343edd59a99b46e8e594fca92') in 0.012832 seconds 
========================================================================
Received Import Request.
  Time since last request: 365.697731 seconds.
  path: Assets/Package/EnemyAsset/Icon.png
  artifactKey: Guid(8cf32bb594965f3449d71aab39ee30ad) Importer(815301076,1909f56bfc062723c751e8b465ee728b)
Start importing Assets/Package/EnemyAsset/Icon.png using Guid(8cf32bb594965f3449d71aab39ee30ad) Importer(815301076,1909f56bfc062723c751e8b465ee728b)  -> (artifact id: '6c187811e8bf7e1b570dfbd4a6ec4454') in 0.459859 seconds 
========================================================================
Received Import Request.
  Time since last request: 2.440620 seconds.
  path: Assets/Package/EnemyAsset/Animation
  artifactKey: Guid(b55c5480873e1134bb9fd9dbdb664f30) Importer(815301076,1909f56bfc062723c751e8b465ee728b)
Start importing Assets/Package/EnemyAsset/Animation using Guid(b55c5480873e1134bb9fd9dbdb664f30) Importer(815301076,1909f56bfc062723c751e8b465ee728b)  -> (artifact id: 'd99b1164cb308f43c40e32f87f8b13aa') in 0.127716 seconds 
========================================================================
Received Import Request.
  Time since last request: 5.878144 seconds.
  path: Assets/Package/EnemyAsset/Sprites
  artifactKey: Guid(6ad13e64c7d8ba24e89c0c8cd9b11716) Importer(815301076,1909f56bfc062723c751e8b465ee728b)
Start importing Assets/Package/EnemyAsset/Sprites using Guid(6ad13e64c7d8ba24e89c0c8cd9b11716) Importer(815301076,1909f56bfc062723c751e8b465ee728b)  -> (artifact id: '44fb612934506c680bb21f63e18c0e15') in 0.114917 seconds 
========================================================================
Received Import Request.
  Time since last request: 0.000041 seconds.
  path: Assets/Package/EnemyAsset/Sprites/Farmer 1.png
  artifactKey: Guid(0c187a32c5bde4747be8d00770b07403) Importer(815301076,1909f56bfc062723c751e8b465ee728b)
Start importing Assets/Package/EnemyAsset/Sprites/Farmer 1.png using Guid(0c187a32c5bde4747be8d00770b07403) Importer(815301076,1909f56bfc062723c751e8b465ee728b)  -> (artifact id: 'dedc84c46c494bd5ac8163e070c5a16f') in 0.161141 seconds 
========================================================================
Received Import Request.
  Time since last request: 0.000045 seconds.
  path: Assets/Package/EnemyAsset/Sprites/Farmer 3.png
  artifactKey: Guid(57a1443e67528144aa07582927559650) Importer(815301076,1909f56bfc062723c751e8b465ee728b)
Start importing Assets/Package/EnemyAsset/Sprites/Farmer 3.png using Guid(57a1443e67528144aa07582927559650) Importer(815301076,1909f56bfc062723c751e8b465ee728b)  -> (artifact id: 'e60daa4bdfdf6cd5c971d4ed435cc905') in 0.390804 seconds 
========================================================================
Received Import Request.
  Time since last request: 0.000033 seconds.
  path: Assets/Package/EnemyAsset/Sprites/Farmer 2.png
  artifactKey: Guid(8f7a60065e3984c489b9c4d41bc3dc4e) Importer(815301076,1909f56bfc062723c751e8b465ee728b)
Start importing Assets/Package/EnemyAsset/Sprites/Farmer 2.png using Guid(8f7a60065e3984c489b9c4d41bc3dc4e) Importer(815301076,1909f56bfc062723c751e8b465ee728b)  -> (artifact id: '400532437a8e0c9546bbdac998083814') in 0.202997 seconds 
========================================================================
Received Import Request.
  Time since last request: 147.165371 seconds.
  path: Assets/Script/Enemy/Pooling_Monsters.cs
  artifactKey: Guid(71eb138df121d394991b15f6a6f1eb73) Importer(815301076,1909f56bfc062723c751e8b465ee728b)
Start importing Assets/Script/Enemy/Pooling_Monsters.cs using Guid(71eb138df121d394991b15f6a6f1eb73) Importer(815301076,1909f56bfc062723c751e8b465ee728b)  -> (artifact id: '9b57d354908c9c167832a0bdd4238cee') in 0.004972 seconds 
========================================================================
Received Import Request.
  Time since last request: 0.044248 seconds.
  path: Assets/Script/Enemy/Spawner_Monsters.cs
  artifactKey: Guid(5b9492651fd0bc54d9f10087b963ca0d) Importer(815301076,1909f56bfc062723c751e8b465ee728b)
Start importing Assets/Script/Enemy/Spawner_Monsters.cs using Guid(5b9492651fd0bc54d9f10087b963ca0d) Importer(815301076,1909f56bfc062723c751e8b465ee728b)  -> (artifact id: 'e26f3b834cc2ac60189b19ea1b888aad') in 0.013870 seconds 
========================================================================
Received Import Request.
  Time since last request: 12.119803 seconds.
  path: Assets/Script/Enemy/Monster.cs
  artifactKey: Guid(ea840764d5da0b345b1cc741742f4986) Importer(815301076,1909f56bfc062723c751e8b465ee728b)
Start importing Assets/Script/Enemy/Monster.cs using Guid(ea840764d5da0b345b1cc741742f4986) Importer(815301076,1909f56bfc062723c751e8b465ee728b)  -> (artifact id: 'd0f5e37e24a89ff8e7d5d1e35be8475a') in 0.062577 seconds 
========================================================================
Received Prepare
Registering precompiled user dll's ...
Registered in 0.011642 seconds.
Begin MonoManager ReloadAssembly
Symbol file LoadedFromMemory doesn't match image D:\hub\Unity\SilmeSurvival\SlimeSurvival2D\SlimeSurvival2D\Library\PackageCache\com.unity.visualscripting@1.7.8\Editor\VisualScripting.Core\Dependencies\YamlDotNet\Unity.VisualScripting.YamlDotNet.dll
Symbol file LoadedFromMemory doesn't match image D:\hub\Unity\SilmeSurvival\SlimeSurvival2D\SlimeSurvival2D\Library\PackageCache\com.unity.visualscripting@1.7.8\Editor\VisualScripting.Core\Dependencies\DotNetZip\Unity.VisualScripting.IonicZip.dll
Native extension for WindowsStandalone target not found
Native extension for Android target not found
Refreshing native plugins compatible for Editor in 1.72 ms, found 4 plugins.
Preloading 0 native plugins for Editor in 0.00 ms.
Mono: successfully reloaded assembly
- Completed reload, in  1.892 seconds
Domain Reload Profiling:
	ReloadAssembly (1893ms)
		BeginReloadAssembly (261ms)
			ExecutionOrderSort (0ms)
			DisableScriptedObjects (9ms)
			BackupInstance (0ms)
			ReleaseScriptingObjects (0ms)
			CreateAndSetChildDomain (60ms)
		EndReloadAssembly (1457ms)
			LoadAssemblies (233ms)
			RebuildTransferFunctionScriptingTraits (0ms)
			SetupTypeCache (379ms)
			ReleaseScriptCaches (3ms)
			RebuildScriptCaches (71ms)
			SetupLoadedEditorAssemblies (725ms)
				LogAssemblyErrors (0ms)
				InitializePlatformSupportModulesInManaged (36ms)
				SetLoadedEditorAssemblies (1ms)
				RefreshPlugins (2ms)
				BeforeProcessingInitializeOnLoad (139ms)
				ProcessInitializeOnLoadAttributes (358ms)
				ProcessInitializeOnLoadMethodAttributes (157ms)
				AfterProcessingInitializeOnLoad (31ms)
				EditorAssembliesLoaded (1ms)
			ExecutionOrderSort2 (0ms)
			AwakeInstancesAfterBackupRestoration (30ms)
Platform modules already initialized, skipping
Refreshing native plugins compatible for Editor in 4.45 ms, found 4 plugins.
Preloading 0 native plugins for Editor in 0.00 ms.
Unloading 5439 Unused Serialized files (Serialized files now loaded: 0)
Unloading 46 unused Assets / (1.3 MB). Loaded Objects now: 6022.
Memory consumption went from 215.6 MB to 214.3 MB.
Total: 7.148900 ms (FindLiveObjects: 0.704400 ms CreateObjectMapping: 1.192500 ms MarkObjects: 4.434000 ms  DeleteObjects: 0.816300 ms)

AssetImportParameters requested are different than current active one (requested -> active):
  custom:video-decoder-ogg-theora: a1e56fd34408186e4bbccfd4996cb3dc -> 
  custom:container-muxer-webm: aa71ff27fc2769a1b78a27578f13a17b -> 
  custom:container-demuxer-webm: 4f35f7cbe854078d1ac9338744f61a02 -> 
  custom:video-encoder-webm-vp8: eb34c28f22e8b96e1ab97ce403110664 -> 
  custom:audio-encoder-webm-vorbis: bf7c407c2cedff20999df2af8eb42d56 -> 
  custom:framework-win-MediaFoundation: 216162199b28c13a410421893ffa2e32 -> 
  custom:container-demuxer-ogg: 62fdf1f143b41e24485cea50d1cbac27 -> 
  custom:video-decoder-webm-vp8: 9c59270c3fd7afecdb556c50c9e8de78 -> 
  custom:audio-decoder-ogg-vorbis: bf7c407c2cedff20999df2af8eb42d56 -> 
========================================================================
Received Prepare
Registering precompiled user dll's ...
Registered in 0.009542 seconds.
